<?xml version="1.0" encoding="UTF-8"?>
<!-- Generated by org.testng.reporters.JUnitXMLReporter -->
<testsuite ignored="0" hostname="users-MacBook-Pro.local" failures="0" tests="2" name="Default test" time="16.47" errors="0" timestamp="23 Feb 2019 10:22:44 GMT">
  <testcase classname="com.thegreatcourses.tests.TestingScreenshots" name="testing_screen_shot1" time="1.373"/>
  <testcase classname="com.thegreatcourses.tests.TestingScreenshots" name="testing_screen_shot2" time="5.453"/>
</testsuite> <!-- Default test -->
